Info 2022-01-06 21:51:37: Experimentation service retrieved: [object Object]
Info 2022-01-06 21:51:38: ZMQ install verified.
Error 2022-01-06 21:51:40: Jupyter Extension (Error in Failed to update settings.json, method:fixSettingsFile): [EntryNotFound (FileSystemError): Unable to read file '/home/salazarylizanicole/.config/Code/User/settings.json' (Error: Unable to resolve nonexistent file '/home/salazarylizanicole/.config/Code/User/settings.json')
	at _handleError (/usr/share/code/resources/app/out/vs/workbench/services/extensions/node/extensionHostProcess.js:94:164282)
	at processTicksAndRejections (internal/process/task_queues.js:93:5)
	at async m.readFile (/home/salazarylizanicole/.vscode/extensions/ms-toolsai.jupyter-2021.10.1101450599/out/client/extension.js:102:789683)
	at async g.fixSettingsFile (/home/salazarylizanicole/.vscode/extensions/ms-toolsai.jupyter-2021.10.1101450599/out/client/extension.js:66:322174)
	at async Promise.all (index 0)
	at async g.updateSettings (/home/salazarylizanicole/.vscode/extensions/ms-toolsai.jupyter-2021.10.1101450599/out/client/extension.js:66:323924)] {
  code: 'FileNotFound'
}
Error 2022-01-06 21:51:40: Jupyter Extension (Error in Failed to update settings.json, method:fixSettingsFile): [EntryNotFound (FileSystemError): Unable to read file '/home/salazarylizanicole/.vscode/settings.json' (Error: Unable to resolve nonexistent file '/home/salazarylizanicole/.vscode/settings.json')
	at _handleError (/usr/share/code/resources/app/out/vs/workbench/services/extensions/node/extensionHostProcess.js:94:164282)
	at processTicksAndRejections (internal/process/task_queues.js:93:5)
	at async m.readFile (/home/salazarylizanicole/.vscode/extensions/ms-toolsai.jupyter-2021.10.1101450599/out/client/extension.js:102:789683)
	at async g.fixSettingsFile (/home/salazarylizanicole/.vscode/extensions/ms-toolsai.jupyter-2021.10.1101450599/out/client/extension.js:66:322174)
	at async Promise.all (index 1)
	at async g.updateSettings (/home/salazarylizanicole/.vscode/extensions/ms-toolsai.jupyter-2021.10.1101450599/out/client/extension.js:66:323924)] {
  code: 'FileNotFound'
}
Info 2022-01-06 21:51:41: Experiment status for python is {"enabled":true,"optInto":[],"optOutFrom":[]}
Info 2022-01-06 21:51:43: Process Execution: > /usr/bin/python3 -m pip list
> /usr/bin/python3 -m pip list
Info 2022-01-06 21:51:43: Process Execution: > /usr/bin/python3 -m pip list
> /usr/bin/python3 -m pip list
Info 2022-01-06 21:51:44: Process Execution: > /usr/bin/python3 -c "import jupyter"
> /usr/bin/python3 -c "import jupyter"
Info 2022-01-06 21:51:44: Process Execution: > /usr/bin/python3 -c "import jupyter"
> /usr/bin/python3 -c "import jupyter"
Info 2022-01-06 21:51:44: Process Execution: > /usr/bin/python3 -c "import notebook"
> /usr/bin/python3 -c "import notebook"
Info 2022-01-06 21:51:44: Process Execution: > /usr/bin/python3 -c "import notebook"
> /usr/bin/python3 -c "import notebook"
Info 2022-01-06 21:53:52: Shutting down notebooks for df5f7912-abee-4ee9-bff8-6b22f7cd0637
Info 2022-01-06 21:53:52: Disposing HostJupyterExecution eb341918-08eb-4485-b862-5eb07714b5fa
Info 2022-01-06 21:53:52: Disposing super HostJupyterExecution eb341918-08eb-4485-b862-5eb07714b5fa
Info 2022-01-06 21:53:52: Disposing HostJupyterExecution eb341918-08eb-4485-b862-5eb07714b5fa
Info 2022-01-06 21:53:52: Finished disposing HostJupyterExecution  eb341918-08eb-4485-b862-5eb07714b5fa
Info 2022-01-06 21:53:52: Cleaning up server cache eb341918-08eb-4485-b862-5eb07714b5fa
Info 2022-01-06 21:53:52: Finished disposing HostJupyterExecution  eb341918-08eb-4485-b862-5eb07714b5fa
