[Info  - 10:50:28.238] Reading sessions from keychain...
[Info  - 10:50:28.493] Getting sessions for all scopes...
[Error  - 10:50:28.755] Getting token failed: Error: The name org.freedesktop.secrets was not provided by any .service files
[Info  - 10:50:28.755] Got 0 sessions for all scopes...
[Info  - 10:50:30.31] Getting sessions for all scopes...
[Info  - 10:50:30.32] Got 0 sessions for all scopes...
[Info  - 10:50:39.256] Getting sessions for all scopes...
[Info  - 10:50:39.257] Got 0 sessions for all scopes...
[Info  - 10:50:39.927] Getting sessions for all scopes...
[Info  - 10:50:39.927] Got 0 sessions for all scopes...
[Info  - 10:50:42.852] Getting sessions for all scopes...
[Info  - 10:50:42.852] Got 0 sessions for all scopes...
[Info  - 10:50:50.462] Logging in for the following scopes: user:email
[Trace  - 10:51:37.195] Handling Uri...
[Info  - 10:51:37.195] Exchanging code for token...
[Info  - 10:51:38.250] Token exchange success!
[Info  - 10:51:38.255] Getting user info...
[Info  - 10:51:45.140] Got account info!
[Info  - 10:51:45.140] Storing 1 sessions...
[Error  - 10:51:46.180] Setting token failed: Error: The name org.freedesktop.secrets was not provided by any .service files
[Info  - 10:52:41.462] Stored 1 sessions!
[Info  - 10:52:41.474] Login success!
[Info  - 10:52:41.712] Getting sessions for all scopes...
[Info  - 10:52:41.712] Getting sessions for all scopes...
[Info  - 10:52:41.713] Got 1 sessions for all scopes...
[Info  - 10:52:41.713] Got 1 sessions for all scopes...
