[Info  - 06:42:18.141] Reading sessions from keychain...
[Info  - 06:42:18.581] Getting sessions for all scopes...
[Info  - 06:42:18.675] Getting sessions for all scopes...
[Error  - 06:42:18.675] Getting token failed: Error: The name org.freedesktop.secrets was not provided by any .service files
[Info  - 06:42:18.675] Got 0 sessions for all scopes...
[Info  - 06:42:18.675] Got 0 sessions for all scopes...
[Info  - 07:42:36.842] Getting sessions for all scopes...
[Info  - 07:42:36.843] Got 0 sessions for all scopes...
[Info  - 07:42:39.422] Getting sessions for all scopes...
[Info  - 07:42:39.422] Got 0 sessions for all scopes...
[Info  - 07:42:40.602] Logging in for the following scopes: user:email
[Trace  - 07:43:22.372] Handling Uri...
[Info  - 07:43:22.373] Exchanging code for token...
[Info  - 07:43:23.881] Token exchange success!
[Info  - 07:43:23.883] Getting user info...
[Info  - 07:43:24.805] Got account info!
[Info  - 07:43:24.806] Storing 1 sessions...
[Error  - 07:43:25.692] Setting token failed: Error: The name org.freedesktop.secrets was not provided by any .service files
[Info  - 07:43:34.129] Stored 1 sessions!
[Info  - 07:43:34.140] Login success!
[Info  - 07:43:34.366] Getting sessions for all scopes...
[Info  - 07:43:34.366] Getting sessions for all scopes...
[Info  - 07:43:34.370] Got 1 sessions for all scopes...
[Info  - 07:43:34.371] Got 1 sessions for all scopes...
