[Info  - 10:32:05 PM] Pylance language server 2022.1.3 (pyright 98868f26) starting
[Info  - 10:32:05 PM] Server root directory: /home/salazarylizanicole/.vscode/extensions/ms-python.vscode-pylance-2022.1.3/dist
[Info  - 10:32:05 PM] No configuration file found.
[Info  - 10:32:05 PM] No pyproject.toml file found.
[Info  - 10:32:05 PM] Setting pythonPath for service "salazarylizanicole": "/usr/bin/python3"
[Warn  - 10:32:05 PM] stubPath /home/salazarylizanicole/typings is not a valid directory.
[Info  - 10:32:05 PM] Assuming Python version 3.7
[Info  - 10:32:05 PM] Assuming Python platform Linux
[Warn  - 10:32:07 PM] Exception received when installing file system watcher: TypeError [ERR_FEATURE_UNAVAILABLE_ON_PLATFORM]: The feature watch recursively is unavailable on the current platform, which is being used to run Node.js
[Warn  - 10:32:07 PM] Exception received when installing file system watcher: TypeError [ERR_FEATURE_UNAVAILABLE_ON_PLATFORM]: The feature watch recursively is unavailable on the current platform, which is being used to run Node.js
[Warn  - 10:32:07 PM] Exception received when installing file system watcher: TypeError [ERR_FEATURE_UNAVAILABLE_ON_PLATFORM]: The feature watch recursively is unavailable on the current platform, which is being used to run Node.js
[Warn  - 10:32:07 PM] Exception received when installing file system watcher: TypeError [ERR_FEATURE_UNAVAILABLE_ON_PLATFORM]: The feature watch recursively is unavailable on the current platform, which is being used to run Node.js
[Info  - 10:32:07 PM] Searching for source files
[Info  - 10:32:10 PM] Found 6167 source files
[Info  - 10:32:11 PM] Background analysis(1) root directory: /home/salazarylizanicole/.vscode/extensions/ms-python.vscode-pylance-2022.1.3/dist
[Info  - 10:32:11 PM] Background analysis(1) started
[Info  - 10:32:12 PM] Indexer background runner(2) root directory: /home/salazarylizanicole/.vscode/extensions/ms-python.vscode-pylance-2022.1.3/dist
[Info  - 10:32:12 PM] Indexing(2) started
[Info  - 10:32:14 PM] [BG(1)] Long operation: getSemanticTokens range 0:0 - 43:42 at /home/salazarylizanicole/test.py (3104ms)
[Info  - 10:32:15 PM] [IDX(2)] Long operation: index libraries /home/salazarylizanicole (3798ms)
[Info  - 10:32:15 PM] Indexer done(2). indexed 429 files
[Info  - 10:32:26 PM] Searching for source files
[Info  - 10:32:29 PM] Found 6333 source files
[Info  - 10:32:29 PM] [BG(1)] Long operation: parsing: /home/salazarylizanicole/.local/lib/python3.7/site-packages/pip/_vendor/idna/uts46data.py (2659ms)
[Info  - 10:32:50 PM] Searching for source files
[Info  - 10:32:51 PM] Found 6333 source files
[Info  - 10:33:03 PM] Searching for source files
[Info  - 10:33:05 PM] Found 6333 source files
[Info  - 10:33:06 PM] Searching for source files
[Info  - 10:33:07 PM] Found 6333 source files
[Info  - 10:33:09 PM] Searching for source files
[Info  - 10:33:10 PM] Found 6167 source files
[Info  - 10:33:11 PM] Searching for source files
[Info  - 10:33:14 PM] Found 6333 source files
[Info  - 10:33:16 PM] Searching for source files
[Info  - 10:33:17 PM] Found 6333 source files
[Info  - 10:33:25 PM] Searching for source files
[Info  - 10:33:26 PM] Found 6333 source files
[Info  - 10:33:29 PM] Searching for source files
[Info  - 10:33:31 PM] Found 6333 source files
[Info  - 10:33:44 PM] Searching for source files
[Info  - 10:33:45 PM] Found 6167 source files
[Info  - 10:33:52 PM] Searching for source files
[Info  - 10:33:54 PM] Found 6333 source files
[Info  - 10:33:55 PM] Searching for source files
[Info  - 10:33:57 PM] Found 6333 source files
[Info  - 10:33:57 PM] Searching for source files
[Info  - 10:33:59 PM] Found 6333 source files
[Info  - 10:33:59 PM] Searching for source files
[Info  - 10:34:01 PM] Found 6333 source files
[Info  - 10:34:01 PM] Searching for source files
[Info  - 10:34:03 PM] Found 6333 source files
[Info  - 10:34:03 PM] Searching for source files
[Info  - 10:34:04 PM] Found 6333 source files
[Info  - 10:34:26 PM] Searching for source files
[Info  - 10:34:27 PM] Found 6333 source files
[Warn  - 10:35:04 PM] Workspace indexing has hit its upper limit: 2000 files
[Info  - 10:36:11 PM] Searching for source files
[Info  - 10:36:12 PM] Found 6333 source files
[Info  - 10:36:15 PM] [BG(1)] Long operation: analyzing: /home/salazarylizanicole/test.py (2266ms)
[Warn  - 10:36:44 PM] Workspace indexing has hit its upper limit: 2000 files
[Info  - 10:36:46 PM] Searching for source files
[Info  - 10:36:48 PM] Found 6333 source files
[Info  - 10:36:49 PM] Searching for source files
[Info  - 10:36:50 PM] Found 6167 source files
[Info  - 10:40:24 PM] [BG(1)] Long operation: parsing: /home/salazarylizanicole/.vscode/extensions/ms-python.python-2021.12.1559732655/pythonFiles/lib/jedilsp/jedi/third_party/django-stubs/django-stubs/http/response.pyi (199654ms)
[Info  - 10:40:27 PM] Searching for source files
[Info  - 10:40:32 PM] Found 6167 source files
[Info  - 10:40:35 PM] [BG(1)] Long operation: analyzing: /home/salazarylizanicole/test.py (2097ms)
[Warn  - 10:41:08 PM] Workspace indexing has hit its upper limit: 2000 files
