[2022-01-06 21:49:24.720] [exthost] [info] Extension host with pid 649 started
[2022-01-06 21:49:24.722] [exthost] [info] Skipping acquiring lock for /home/salazarylizanicole/.config/Code/User/workspaceStorage/16524a5060bf3a7ff787ec04f1bd917e.
[2022-01-06 21:49:25.356] [exthost] [info] ExtensionService#_doActivateExtension vscode.microsoft-authentication, startup: false, activationEvent: 'onAuthenticationRequest:microsoft'
[2022-01-06 21:49:25.451] [exthost] [info] ExtensionService#_doActivateExtension vscode.debug-auto-launch, startup: true, activationEvent: '*'
[2022-01-06 21:49:25.481] [exthost] [info] ExtensionService#_doActivateExtension vscode.git, startup: true, activationEvent: '*', root cause: vscode.github
[2022-01-06 21:49:26.637] [exthost] [info] ExtensionService#_doActivateExtension vscode.github, startup: true, activationEvent: '*'
[2022-01-06 21:49:26.804] [exthost] [info] Eager extensions activated
[2022-01-06 21:49:26.852] [exthost] [info] ExtensionService#_doActivateExtension vscode.merge-conflict, startup: false, activationEvent: 'onStartupFinished'
[2022-01-06 21:49:26.918] [exthost] [info] ExtensionService#_doActivateExtension vscode.github-authentication, startup: false, activationEvent: 'onAuthenticationRequest:github'
[2022-01-06 21:51:35.846] [exthost] [info] ExtensionService#_doActivateExtension ms-toolsai.jupyter, startup: false, activationEvent: 'onLanguage:python'
[2022-01-06 21:51:37.226] [exthost] [info] ExtensionService#_doActivateExtension ms-python.python, startup: false, activationEvent: 'onLanguage:python'
[2022-01-06 21:51:40.567] [exthost] [info] ExtensionService#_doActivateExtension ms-toolsai.jupyter-renderers, startup: false, activationEvent: 'api', root cause: ms-toolsai.jupyter
[2022-01-06 21:51:42.180] [exthost] [info] ExtensionService#_doActivateExtension ms-python.vscode-pylance, startup: false, activationEvent: 'onLanguage:python'
[2022-01-06 21:51:50.137] [exthost] [error] [ms-python.python] provider FAILED
[2022-01-06 21:51:50.163] [exthost] [error] Canceled: Canceled
	at S.makeCancelError (/home/salazarylizanicole/.vscode/extensions/ms-python.python-2021.12.1559732655/out/client/extension.js:24:159824)
	at S.handleFailedRequest (/home/salazarylizanicole/.vscode/extensions/ms-python.python-2021.12.1559732655/out/client/extension.js:24:159675)
	at /home/salazarylizanicole/.vscode/extensions/ms-python.python-2021.12.1559732655/out/client/extension.js:67:239586
	at async U.provideDocumentRangeSemanticTokens (/usr/share/code/resources/app/out/vs/workbench/services/extensions/node/extensionHostProcess.js:94:180425)
[2022-01-06 21:51:51.163] [exthost] [error] [ms-python.python] provider FAILED
[2022-01-06 21:51:51.163] [exthost] [error] TypeError: Cannot read property 'length' of undefined
	at /home/salazarylizanicole/.vscode/extensions/ms-python.python-2021.12.1559732655/out/client/extension.js:67:257359
	at p (/home/salazarylizanicole/.vscode/extensions/ms-python.python-2021.12.1559732655/out/client/extension.js:67:262355)
	at async x.provideCompletionItems (/usr/share/code/resources/app/out/vs/workbench/services/extensions/node/extensionHostProcess.js:94:181124)
[2022-01-06 21:51:52.289] [exthost] [error] [ms-python.python] provider FAILED
[2022-01-06 21:51:52.289] [exthost] [error] Canceled: Canceled
	at S.makeCancelError (/home/salazarylizanicole/.vscode/extensions/ms-python.python-2021.12.1559732655/out/client/extension.js:24:159824)
	at S.handleFailedRequest (/home/salazarylizanicole/.vscode/extensions/ms-python.python-2021.12.1559732655/out/client/extension.js:24:159675)
	at /home/salazarylizanicole/.vscode/extensions/ms-python.python-2021.12.1559732655/out/client/extension.js:67:239586
	at runNextTicks (internal/process/task_queues.js:58:5)
	at processImmediate (internal/timers.js:434:9)
	at async U.provideDocumentRangeSemanticTokens (/usr/share/code/resources/app/out/vs/workbench/services/extensions/node/extensionHostProcess.js:94:180425)
[2022-01-06 21:51:52.300] [exthost] [error] [ms-python.python] provider FAILED
[2022-01-06 21:51:52.300] [exthost] [error] Canceled: Canceled
	at S.makeCancelError (/home/salazarylizanicole/.vscode/extensions/ms-python.python-2021.12.1559732655/out/client/extension.js:24:159824)
	at S.handleFailedRequest (/home/salazarylizanicole/.vscode/extensions/ms-python.python-2021.12.1559732655/out/client/extension.js:24:159675)
	at /home/salazarylizanicole/.vscode/extensions/ms-python.python-2021.12.1559732655/out/client/extension.js:67:239586
	at async U.provideDocumentRangeSemanticTokens (/usr/share/code/resources/app/out/vs/workbench/services/extensions/node/extensionHostProcess.js:94:180425)
[2022-01-06 21:51:52.310] [exthost] [error] [ms-python.python] provider FAILED
[2022-01-06 21:51:52.310] [exthost] [error] Canceled: Canceled
	at S.makeCancelError (/home/salazarylizanicole/.vscode/extensions/ms-python.python-2021.12.1559732655/out/client/extension.js:24:159824)
	at S.handleFailedRequest (/home/salazarylizanicole/.vscode/extensions/ms-python.python-2021.12.1559732655/out/client/extension.js:24:159675)
	at /home/salazarylizanicole/.vscode/extensions/ms-python.python-2021.12.1559732655/out/client/extension.js:67:239586
	at async U.provideDocumentRangeSemanticTokens (/usr/share/code/resources/app/out/vs/workbench/services/extensions/node/extensionHostProcess.js:94:180425)
[2022-01-06 21:51:52.315] [exthost] [error] [ms-python.python] provider FAILED
[2022-01-06 21:51:52.315] [exthost] [error] Canceled: Canceled
	at S.makeCancelError (/home/salazarylizanicole/.vscode/extensions/ms-python.python-2021.12.1559732655/out/client/extension.js:24:159824)
	at S.handleFailedRequest (/home/salazarylizanicole/.vscode/extensions/ms-python.python-2021.12.1559732655/out/client/extension.js:24:159675)
	at /home/salazarylizanicole/.vscode/extensions/ms-python.python-2021.12.1559732655/out/client/extension.js:67:239586
	at async U.provideDocumentRangeSemanticTokens (/usr/share/code/resources/app/out/vs/workbench/services/extensions/node/extensionHostProcess.js:94:180425)
[2022-01-06 21:51:59.852] [exthost] [error] [ms-python.python] provider FAILED
[2022-01-06 21:51:59.852] [exthost] [error] Canceled: Canceled
	at S.makeCancelError (/home/salazarylizanicole/.vscode/extensions/ms-python.python-2021.12.1559732655/out/client/extension.js:24:159824)
	at S.handleFailedRequest (/home/salazarylizanicole/.vscode/extensions/ms-python.python-2021.12.1559732655/out/client/extension.js:24:159675)
	at /home/salazarylizanicole/.vscode/extensions/ms-python.python-2021.12.1559732655/out/client/extension.js:24:121005
	at async W.provideSignatureHelp (/usr/share/code/resources/app/out/vs/workbench/services/extensions/node/extensionHostProcess.js:94:184932)
[2022-01-06 21:52:22.136] [exthost] [error] [ms-python.python] provider FAILED
[2022-01-06 21:52:22.145] [exthost] [error] Canceled: Canceled
	at S.makeCancelError (/home/salazarylizanicole/.vscode/extensions/ms-python.python-2021.12.1559732655/out/client/extension.js:24:159824)
	at S.handleFailedRequest (/home/salazarylizanicole/.vscode/extensions/ms-python.python-2021.12.1559732655/out/client/extension.js:24:159675)
	at /home/salazarylizanicole/.vscode/extensions/ms-python.python-2021.12.1559732655/out/client/extension.js:24:120017
	at async d.provideHover (/usr/share/code/resources/app/out/vs/workbench/services/extensions/node/extensionHostProcess.js:94:170516)
[2022-01-06 21:52:36.757] [exthost] [error] [ms-python.python] provider FAILED
[2022-01-06 21:52:36.757] [exthost] [error] Canceled: Canceled
	at S.makeCancelError (/home/salazarylizanicole/.vscode/extensions/ms-python.python-2021.12.1559732655/out/client/extension.js:24:159824)
	at S.handleFailedRequest (/home/salazarylizanicole/.vscode/extensions/ms-python.python-2021.12.1559732655/out/client/extension.js:24:159675)
	at /home/salazarylizanicole/.vscode/extensions/ms-python.python-2021.12.1559732655/out/client/extension.js:24:120017
	at async d.provideHover (/usr/share/code/resources/app/out/vs/workbench/services/extensions/node/extensionHostProcess.js:94:170516)
[2022-01-06 21:52:48.783] [exthost] [error] [ms-python.python] provider FAILED
[2022-01-06 21:52:48.784] [exthost] [error] Canceled: Canceled
	at S.makeCancelError (/home/salazarylizanicole/.vscode/extensions/ms-python.python-2021.12.1559732655/out/client/extension.js:24:159824)
	at S.handleFailedRequest (/home/salazarylizanicole/.vscode/extensions/ms-python.python-2021.12.1559732655/out/client/extension.js:24:159675)
	at /home/salazarylizanicole/.vscode/extensions/ms-python.python-2021.12.1559732655/out/client/extension.js:24:127536
	at async A.provideCodeActions (/usr/share/code/resources/app/out/vs/workbench/services/extensions/node/extensionHostProcess.js:94:172824)
[2022-01-06 21:53:27.017] [exthost] [error] [ms-python.python] provider FAILED
[2022-01-06 21:53:27.017] [exthost] [error] Canceled: Canceled
	at S.makeCancelError (/home/salazarylizanicole/.vscode/extensions/ms-python.python-2021.12.1559732655/out/client/extension.js:24:159824)
	at S.handleFailedRequest (/home/salazarylizanicole/.vscode/extensions/ms-python.python-2021.12.1559732655/out/client/extension.js:24:159675)
	at /home/salazarylizanicole/.vscode/extensions/ms-python.python-2021.12.1559732655/out/client/extension.js:24:120017
	at async d.provideHover (/usr/share/code/resources/app/out/vs/workbench/services/extensions/node/extensionHostProcess.js:94:170516)
[2022-01-06 21:53:52.022] [exthost] [info] extension host terminating: renderer closed the socket
[2022-01-06 21:53:53.085] [exthost] [info] Extension host with pid 649 exiting with code 0
