Info 2022-02-08 22:31:55: Experimentation service retrieved: [object Object]
User belongs to experiment group 'jupyterTestcf'
User belongs to experiment group 'jupyterEnhancedDataViewer'
Info 2022-02-08 22:31:55: ZMQ install verified.
Info 2022-02-08 22:31:59: Experiment status for python is {"enabled":true,"optInto":[],"optOutFrom":[]}
Info 2022-02-08 22:32:01: Process Execution: > /usr/bin/python3 -m pip list
> /usr/bin/python3 -m pip list
Info 2022-02-08 22:32:01: Process Execution: > /usr/bin/python3 -m pip list
> /usr/bin/python3 -m pip list
Info 2022-02-08 22:32:01: Process Execution: > /usr/bin/python3 -c "import jupyter"
> /usr/bin/python3 -c "import jupyter"
Info 2022-02-08 22:32:01: Process Execution: > /usr/bin/python3 -c "import jupyter"
> /usr/bin/python3 -c "import jupyter"
Info 2022-02-08 22:32:01: Process Execution: > /usr/bin/python3 -c "import notebook"
> /usr/bin/python3 -c "import notebook"
Info 2022-02-08 22:32:01: Process Execution: > /usr/bin/python3 -c "import notebook"
> /usr/bin/python3 -c "import notebook"
Info 2022-02-08 22:41:26: Shutting down notebooks for b64f6dbe-2643-49f9-9a6c-f81d7f4def4c
Info 2022-02-08 22:41:26: Disposing HostJupyterExecution 847e4d62-a743-442f-9372-092cc1174bd5
Info 2022-02-08 22:41:26: Disposing super HostJupyterExecution 847e4d62-a743-442f-9372-092cc1174bd5
Info 2022-02-08 22:41:26: Disposing HostJupyterExecution 847e4d62-a743-442f-9372-092cc1174bd5
Info 2022-02-08 22:41:26: Finished disposing HostJupyterExecution  847e4d62-a743-442f-9372-092cc1174bd5
Info 2022-02-08 22:41:26: Cleaning up server cache 847e4d62-a743-442f-9372-092cc1174bd5
Info 2022-02-08 22:41:26: Finished disposing HostJupyterExecution  847e4d62-a743-442f-9372-092cc1174bd5
