[Info  - 3:43:36 PM] Pylance language server 2022.1.3 (pyright 98868f26) starting
[Info  - 3:43:36 PM] Server root directory: /home/salazarylizanicole/.vscode/extensions/ms-python.vscode-pylance-2022.1.3/dist
[Info  - 3:43:36 PM] No configuration file found.
[Info  - 3:43:36 PM] No pyproject.toml file found.
[Info  - 3:43:36 PM] Setting pythonPath for service "salazarylizanicole": "/usr/bin/python3"
[Warn  - 3:43:36 PM] stubPath /home/salazarylizanicole/typings is not a valid directory.
[Info  - 3:43:36 PM] Assuming Python version 3.7
[Info  - 3:43:36 PM] Assuming Python platform Linux
[Warn  - 3:43:38 PM] Exception received when installing file system watcher: TypeError [ERR_FEATURE_UNAVAILABLE_ON_PLATFORM]: The feature watch recursively is unavailable on the current platform, which is being used to run Node.js
[Warn  - 3:43:38 PM] Exception received when installing file system watcher: TypeError [ERR_FEATURE_UNAVAILABLE_ON_PLATFORM]: The feature watch recursively is unavailable on the current platform, which is being used to run Node.js
[Warn  - 3:43:38 PM] Exception received when installing file system watcher: TypeError [ERR_FEATURE_UNAVAILABLE_ON_PLATFORM]: The feature watch recursively is unavailable on the current platform, which is being used to run Node.js
[Warn  - 3:43:38 PM] Exception received when installing file system watcher: TypeError [ERR_FEATURE_UNAVAILABLE_ON_PLATFORM]: The feature watch recursively is unavailable on the current platform, which is being used to run Node.js
[Info  - 3:43:38 PM] Searching for source files
[Info  - 3:43:42 PM] Found 6160 source files
[Info  - 3:43:44 PM] Background analysis(1) root directory: /home/salazarylizanicole/.vscode/extensions/ms-python.vscode-pylance-2022.1.3/dist
[Info  - 3:43:44 PM] Background analysis(1) started
[Info  - 3:43:44 PM] Searching for source files
[Info  - 3:43:49 PM] Found 6326 source files
[Info  - 3:43:49 PM] [BG(1)] Long operation: getSemanticTokens full at /home/salazarylizanicole/test.py (4927ms)
[Info  - 3:43:49 PM] Indexer background runner(2) root directory: /home/salazarylizanicole/.vscode/extensions/ms-python.vscode-pylance-2022.1.3/dist
[Info  - 3:43:49 PM] Indexing(2) started
[Info  - 3:43:51 PM] Searching for source files
[Info  - 3:43:53 PM] Found 6326 source files
[Info  - 3:43:53 PM] [IDX(2)] Long operation: index execution environment /home/salazarylizanicole (3110ms)
[Info  - 3:43:53 PM] [IDX(2)] Long operation: index libraries /home/salazarylizanicole (5773ms)
[Info  - 3:43:53 PM] Indexer done(2). indexed 429 files
[Info  - 3:43:53 PM] Searching for source files
[Info  - 3:43:55 PM] Found 6326 source files
[Info  - 3:44:06 PM] Searching for source files
[Info  - 3:44:07 PM] Found 6326 source files
[Info  - 3:44:27 PM] Searching for source files
[Info  - 3:44:28 PM] Found 6326 source files
[Warn  - 3:44:49 PM] Workspace indexing has hit its upper limit: 2000 files
[Info  - 3:49:05 PM] Searching for source files
[Info  - 3:49:07 PM] Found 6326 source files
[Info  - 3:49:07 PM] Searching for source files
[Info  - 3:49:09 PM] Found 6326 source files
[Info  - 3:49:09 PM] Searching for source files
[Info  - 3:49:11 PM] Found 6326 source files
[Info  - 3:49:11 PM] Searching for source files
[Info  - 3:49:12 PM] Found 6326 source files
[Info  - 3:49:17 PM] Searching for source files
[Info  - 3:49:18 PM] Found 6160 source files
[Warn  - 3:49:39 PM] Workspace indexing has hit its upper limit: 2000 files
[Info  - 3:51:41 PM] Searching for source files
[Info  - 3:51:42 PM] Found 6326 source files
[Info  - 3:51:42 PM] Searching for source files
[Info  - 3:51:43 PM] Found 6326 source files
[Info  - 3:51:44 PM] Searching for source files
[Info  - 3:51:45 PM] Found 6333 source files
[Warn  - 3:52:03 PM] Workspace indexing has hit its upper limit: 2000 files
[Info  - 3:53:56 PM] Searching for source files
[Info  - 3:53:57 PM] Found 6333 source files
[Info  - 3:54:00 PM] Searching for source files
[Info  - 3:54:01 PM] Found 6333 source files
[Info  - 3:54:02 PM] Searching for source files
[Info  - 3:54:03 PM] Found 6333 source files
[Info  - 3:54:05 PM] Searching for source files
[Info  - 3:54:06 PM] Found 6167 source files
[Info  - 3:54:15 PM] Searching for source files
[Info  - 3:54:16 PM] Found 6333 source files
[Info  - 3:54:35 PM] Searching for source files
[Info  - 3:54:36 PM] Found 6333 source files
[Warn  - 3:55:02 PM] Workspace indexing has hit its upper limit: 2000 files
[Info  - 3:55:34 PM] Searching for source files
[Info  - 3:55:35 PM] Found 6333 source files
[Info  - 3:55:54 PM] Searching for source files
[Info  - 3:55:55 PM] Found 6167 source files
[Info  - 3:56:06 PM] Searching for source files
[Info  - 3:56:08 PM] Found 6167 source files
[Info  - 3:56:19 PM] [BG(1)] Long operation: parsing: /home/salazarylizanicole/.local/lib/python3.7/site-packages/pip/_vendor/idna/uts46data.py (2202ms)
[Warn  - 3:56:34 PM] Workspace indexing has hit its upper limit: 2000 files
[Info  - 5:09:29 PM] Searching for source files
[Info  - 5:09:30 PM] Found 6333 source files
