[Info  - 14:31:54.530] Reading sessions from keychain...
[Error  - 14:31:55.201] Getting token failed: Error: The name org.freedesktop.secrets was not provided by any .service files
[Info  - 14:31:55.201] No stored sessions found.
[Info  - 14:31:55.276] Getting sessions for all scopes...
[Info  - 14:31:55.284] Got 0 sessions for all scopes...
[Info  - 14:32:18.603] Getting sessions for all scopes...
[Info  - 14:32:18.603] Got 0 sessions for all scopes...
[Info  - 14:32:21.925] Getting sessions for all scopes...
[Info  - 14:32:21.925] Got 0 sessions for all scopes...
[Info  - 14:32:58.461] Getting sessions for all scopes...
[Info  - 14:32:58.461] Got 0 sessions for all scopes...
[Info  - 14:32:59.563] Getting sessions for all scopes...
[Info  - 14:32:59.563] Got 0 sessions for all scopes...
[Info  - 14:33:01.160] Getting sessions for all scopes...
[Info  - 14:33:01.161] Got 0 sessions for all scopes...
[Info  - 14:33:20.158] Getting sessions for all scopes...
[Info  - 14:33:20.159] Got 0 sessions for all scopes...
[Info  - 14:33:22.39] Getting sessions for all scopes...
[Info  - 14:33:22.39] Got 0 sessions for all scopes...
[Info  - 14:33:23.454] Getting sessions for all scopes...
[Info  - 14:33:23.454] Got 0 sessions for all scopes...
[Info  - 14:33:26.428] Getting sessions for all scopes...
[Info  - 14:33:26.428] Got 0 sessions for all scopes...
[Info  - 14:33:52.330] Getting sessions for all scopes...
[Info  - 14:33:52.330] Getting sessions for all scopes...
[Info  - 14:33:52.331] Got 0 sessions for all scopes...
[Info  - 14:33:52.331] Got 0 sessions for all scopes...
