Info 2022-01-06 22:26:46: Experimentation service retrieved: [object Object]
User belongs to experiment group 'jupyterTestcf'
User belongs to experiment group 'jupyterEnhancedDataViewer'
Info 2022-01-06 22:26:46: ZMQ install verified.
Info 2022-01-06 22:26:48: Experiment status for python is {"enabled":true,"optInto":[],"optOutFrom":[]}
Info 2022-01-06 22:26:51: Process Execution: > /usr/bin/python3 -m pip list
> /usr/bin/python3 -m pip list
Info 2022-01-06 22:26:51: Process Execution: > /usr/bin/python3 -m pip list
> /usr/bin/python3 -m pip list
Info 2022-01-06 22:26:51: Process Execution: > /usr/bin/python3 -c "import jupyter"
> /usr/bin/python3 -c "import jupyter"
Info 2022-01-06 22:26:51: Process Execution: > /usr/bin/python3 -c "import jupyter"
> /usr/bin/python3 -c "import jupyter"
Info 2022-01-06 22:26:51: Process Execution: > /usr/bin/python3 -c "import notebook"
> /usr/bin/python3 -c "import notebook"
Info 2022-01-06 22:26:51: Process Execution: > /usr/bin/python3 -c "import notebook"
> /usr/bin/python3 -c "import notebook"
Info 2022-01-06 22:55:49: Shutting down notebooks for 587f6e04-0b5e-46e7-a024-a32487d29421
Info 2022-01-06 22:55:49: Disposing HostJupyterExecution 40372ab3-378a-48c2-89e5-29283dde943a
Info 2022-01-06 22:55:49: Disposing super HostJupyterExecution 40372ab3-378a-48c2-89e5-29283dde943a
Info 2022-01-06 22:55:49: Disposing HostJupyterExecution 40372ab3-378a-48c2-89e5-29283dde943a
Info 2022-01-06 22:55:49: Finished disposing HostJupyterExecution  40372ab3-378a-48c2-89e5-29283dde943a
Info 2022-01-06 22:55:49: Cleaning up server cache 40372ab3-378a-48c2-89e5-29283dde943a
Info 2022-01-06 22:55:49: Finished disposing HostJupyterExecution  40372ab3-378a-48c2-89e5-29283dde943a
