Info 2022-02-04 21:27:35: Experimentation service retrieved: [object Object]
User belongs to experiment group 'jupyterTestcf'
User belongs to experiment group 'jupyterEnhancedDataViewer'
Info 2022-02-04 21:27:36: ZMQ install verified.
Info 2022-02-04 21:27:38: Experiment status for python is {"enabled":true,"optInto":[],"optOutFrom":[]}
Info 2022-02-04 21:27:42: Process Execution: > /usr/bin/python3 -m pip list
> /usr/bin/python3 -m pip list
Info 2022-02-04 21:27:42: Process Execution: > /usr/bin/python3 -m pip list
> /usr/bin/python3 -m pip list
Info 2022-02-04 21:27:42: Process Execution: > /usr/bin/python3 -c "import jupyter"
> /usr/bin/python3 -c "import jupyter"
Info 2022-02-04 21:27:42: Process Execution: > /usr/bin/python3 -c "import jupyter"
> /usr/bin/python3 -c "import jupyter"
Info 2022-02-04 21:27:42: Process Execution: > /usr/bin/python3 -c "import notebook"
> /usr/bin/python3 -c "import notebook"
Info 2022-02-04 21:27:42: Process Execution: > /usr/bin/python3 -c "import notebook"
> /usr/bin/python3 -c "import notebook"
Info 2022-02-04 21:34:16: Shutting down notebooks for 53b2aba0-d1e7-4120-a2ce-6ee52d49cefd
Info 2022-02-04 21:34:16: Disposing HostJupyterExecution 4ddcc04e-b2d4-4501-a870-1f3dd631dae9
Info 2022-02-04 21:34:16: Disposing super HostJupyterExecution 4ddcc04e-b2d4-4501-a870-1f3dd631dae9
Info 2022-02-04 21:34:16: Disposing HostJupyterExecution 4ddcc04e-b2d4-4501-a870-1f3dd631dae9
Info 2022-02-04 21:34:16: Finished disposing HostJupyterExecution  4ddcc04e-b2d4-4501-a870-1f3dd631dae9
Info 2022-02-04 21:34:16: Cleaning up server cache 4ddcc04e-b2d4-4501-a870-1f3dd631dae9
Info 2022-02-04 21:34:16: Finished disposing HostJupyterExecution  4ddcc04e-b2d4-4501-a870-1f3dd631dae9
