[Info  - 14:31:59.886] Reading sessions from keychain...
[Info  - 14:32:00.125] Getting sessions for all scopes...
[Error  - 14:32:01.49] Getting token failed: Error: The name org.freedesktop.secrets was not provided by any .service files
[Info  - 14:32:01.50] Got 0 sessions for all scopes...
[Info  - 14:32:03.70] Getting sessions for all scopes...
[Info  - 14:32:03.70] Got 0 sessions for all scopes...
[Info  - 14:32:18.603] Getting sessions for all scopes...
[Info  - 14:32:18.603] Got 0 sessions for all scopes...
[Info  - 14:32:21.951] Getting sessions for all scopes...
[Info  - 14:32:21.951] Got 0 sessions for all scopes...
[Info  - 14:32:24.336] Logging in for the following scopes: user:email
[Info  - 14:32:58.461] Getting sessions for all scopes...
[Info  - 14:32:58.461] Got 0 sessions for all scopes...
[Info  - 14:32:59.563] Getting sessions for all scopes...
[Info  - 14:32:59.563] Got 0 sessions for all scopes...
[Info  - 14:33:01.160] Getting sessions for all scopes...
[Info  - 14:33:01.161] Got 0 sessions for all scopes...
[Info  - 14:33:20.159] Getting sessions for all scopes...
[Info  - 14:33:20.159] Got 0 sessions for all scopes...
[Info  - 14:33:22.39] Getting sessions for all scopes...
[Info  - 14:33:22.39] Got 0 sessions for all scopes...
[Info  - 14:33:23.454] Getting sessions for all scopes...
[Info  - 14:33:23.454] Got 0 sessions for all scopes...
[Info  - 14:33:26.432] Getting sessions for all scopes...
[Info  - 14:33:26.432] Got 0 sessions for all scopes...
[Info  - 14:33:28.246] Logging in for the following scopes: user:email
[Trace  - 14:33:45.273] Handling Uri...
[Info  - 14:33:45.274] Exchanging code for token...
[Info  - 14:33:46.785] Token exchange success!
[Info  - 14:33:46.796] Getting user info...
[Info  - 14:33:47.807] Got account info!
[Info  - 14:33:47.809] Storing 1 sessions...
[Error  - 14:33:48.654] Setting token failed: Error: The name org.freedesktop.secrets was not provided by any .service files
[Info  - 14:33:52.283] Stored 1 sessions!
[Info  - 14:33:52.283] Login success!
[Info  - 14:33:52.344] Getting sessions for all scopes...
[Info  - 14:33:52.344] Getting sessions for all scopes...
[Info  - 14:33:52.344] Got 1 sessions for all scopes...
[Info  - 14:33:52.345] Got 1 sessions for all scopes...
