Info 2022-01-06 22:19:36: Experimentation service retrieved: [object Object]
User belongs to experiment group 'jupyterTestcf'
User belongs to experiment group 'jupyterEnhancedDataViewer'
Info 2022-01-06 22:19:36: ZMQ install verified.
Info 2022-01-06 22:19:38: Experiment status for python is {"enabled":true,"optInto":[],"optOutFrom":[]}
Info 2022-01-06 22:19:41: Process Execution: > /usr/bin/python3 -m pip list
> /usr/bin/python3 -m pip list
Info 2022-01-06 22:19:41: Process Execution: > /usr/bin/python3 -m pip list
> /usr/bin/python3 -m pip list
Info 2022-01-06 22:19:41: Process Execution: > /usr/bin/python3 -c "import jupyter"
> /usr/bin/python3 -c "import jupyter"
Info 2022-01-06 22:19:41: Process Execution: > /usr/bin/python3 -c "import jupyter"
> /usr/bin/python3 -c "import jupyter"
Info 2022-01-06 22:19:41: Process Execution: > /usr/bin/python3 -c "import notebook"
> /usr/bin/python3 -c "import notebook"
Info 2022-01-06 22:19:41: Process Execution: > /usr/bin/python3 -c "import notebook"
> /usr/bin/python3 -c "import notebook"
Info 2022-01-06 22:23:30: Shutting down notebooks for ffbe495d-df7d-4f07-9dca-fbd7bc3d1792
Info 2022-01-06 22:23:30: Disposing HostJupyterExecution 02dea3e0-efeb-4a90-9dec-4f5a3558531f
Info 2022-01-06 22:23:30: Disposing super HostJupyterExecution 02dea3e0-efeb-4a90-9dec-4f5a3558531f
Info 2022-01-06 22:23:30: Disposing HostJupyterExecution 02dea3e0-efeb-4a90-9dec-4f5a3558531f
Info 2022-01-06 22:23:30: Finished disposing HostJupyterExecution  02dea3e0-efeb-4a90-9dec-4f5a3558531f
Info 2022-01-06 22:23:30: Cleaning up server cache 02dea3e0-efeb-4a90-9dec-4f5a3558531f
Info 2022-01-06 22:23:30: Finished disposing HostJupyterExecution  02dea3e0-efeb-4a90-9dec-4f5a3558531f
