[2022-02-08 22:31:51.289] [exthost] [info] Extension host with pid 544 started
[2022-02-08 22:31:51.289] [exthost] [info] Skipping acquiring lock for /home/salazarylizanicole/.config/Code/User/workspaceStorage/16524a5060bf3a7ff787ec04f1bd917e.
[2022-02-08 22:31:51.633] [exthost] [info] ExtensionService#_doActivateExtension vscode.microsoft-authentication, startup: false, activationEvent: 'onAuthenticationRequest:microsoft'
[2022-02-08 22:31:51.792] [exthost] [info] ExtensionService#_doActivateExtension ms-python.python, startup: false, activationEvent: 'onLanguage:python', root cause: ms-python.vscode-pylance
[2022-02-08 22:31:52.799] [exthost] [info] ExtensionService#_doActivateExtension ms-toolsai.jupyter, startup: false, activationEvent: 'onLanguage:python'
[2022-02-08 22:31:53.736] [exthost] [info] ExtensionService#_doActivateExtension vscode.debug-auto-launch, startup: true, activationEvent: '*'
[2022-02-08 22:31:53.779] [exthost] [info] ExtensionService#_doActivateExtension vscode.git, startup: true, activationEvent: '*', root cause: vscode.github
[2022-02-08 22:31:55.137] [exthost] [info] ExtensionService#_doActivateExtension vscode.github, startup: true, activationEvent: '*'
[2022-02-08 22:31:57.793] [exthost] [info] Eager extensions activated
[2022-02-08 22:31:58.961] [exthost] [info] ExtensionService#_doActivateExtension ms-toolsai.jupyter-renderers, startup: false, activationEvent: 'api', root cause: ms-toolsai.jupyter
[2022-02-08 22:31:58.982] [exthost] [info] ExtensionService#_doActivateExtension vscode.merge-conflict, startup: false, activationEvent: 'onStartupFinished'
[2022-02-08 22:31:59.406] [exthost] [info] ExtensionService#_doActivateExtension vscode.github-authentication, startup: false, activationEvent: 'onAuthenticationRequest:github'
[2022-02-08 22:32:00.128] [exthost] [info] ExtensionService#_doActivateExtension ms-python.vscode-pylance, startup: false, activationEvent: 'onLanguage:python'
[2022-02-08 22:33:15.011] [exthost] [error] [ms-python.python] provider FAILED
[2022-02-08 22:33:15.012] [exthost] [error] Canceled: Canceled
	at S.makeCancelError (/home/salazarylizanicole/.vscode/extensions/ms-python.python-2021.12.1559732655/out/client/extension.js:24:159824)
	at S.handleFailedRequest (/home/salazarylizanicole/.vscode/extensions/ms-python.python-2021.12.1559732655/out/client/extension.js:24:159675)
	at /home/salazarylizanicole/.vscode/extensions/ms-python.python-2021.12.1559732655/out/client/extension.js:24:120017
	at async d.provideHover (/usr/share/code/resources/app/out/vs/workbench/services/extensions/node/extensionHostProcess.js:94:170516)
[2022-02-08 22:33:26.728] [exthost] [error] [ms-python.python] provider FAILED
[2022-02-08 22:33:26.730] [exthost] [error] Canceled: Canceled
	at S.makeCancelError (/home/salazarylizanicole/.vscode/extensions/ms-python.python-2021.12.1559732655/out/client/extension.js:24:159824)
	at S.handleFailedRequest (/home/salazarylizanicole/.vscode/extensions/ms-python.python-2021.12.1559732655/out/client/extension.js:24:159675)
	at /home/salazarylizanicole/.vscode/extensions/ms-python.python-2021.12.1559732655/out/client/extension.js:24:127536
	at async A.provideCodeActions (/usr/share/code/resources/app/out/vs/workbench/services/extensions/node/extensionHostProcess.js:94:172824)
[2022-02-08 22:34:34.014] [exthost] [error] [ms-python.python] provider FAILED
[2022-02-08 22:34:34.019] [exthost] [error] Canceled: Canceled
	at S.makeCancelError (/home/salazarylizanicole/.vscode/extensions/ms-python.python-2021.12.1559732655/out/client/extension.js:24:159824)
	at S.handleFailedRequest (/home/salazarylizanicole/.vscode/extensions/ms-python.python-2021.12.1559732655/out/client/extension.js:24:159675)
	at /home/salazarylizanicole/.vscode/extensions/ms-python.python-2021.12.1559732655/out/client/extension.js:24:120017
	at async d.provideHover (/usr/share/code/resources/app/out/vs/workbench/services/extensions/node/extensionHostProcess.js:94:170516)
[2022-02-08 22:34:34.188] [exthost] [error] [ms-python.python] provider FAILED
[2022-02-08 22:34:34.188] [exthost] [error] Canceled: Canceled
	at S.makeCancelError (/home/salazarylizanicole/.vscode/extensions/ms-python.python-2021.12.1559732655/out/client/extension.js:24:159824)
	at S.handleFailedRequest (/home/salazarylizanicole/.vscode/extensions/ms-python.python-2021.12.1559732655/out/client/extension.js:24:159675)
	at /home/salazarylizanicole/.vscode/extensions/ms-python.python-2021.12.1559732655/out/client/extension.js:24:120017
	at async d.provideHover (/usr/share/code/resources/app/out/vs/workbench/services/extensions/node/extensionHostProcess.js:94:170516)
[2022-02-08 22:36:43.675] [exthost] [error] [ms-python.python] provider FAILED
[2022-02-08 22:36:43.676] [exthost] [error] Canceled: Canceled
	at S.makeCancelError (/home/salazarylizanicole/.vscode/extensions/ms-python.python-2021.12.1559732655/out/client/extension.js:24:159824)
	at S.handleFailedRequest (/home/salazarylizanicole/.vscode/extensions/ms-python.python-2021.12.1559732655/out/client/extension.js:24:159675)
	at /home/salazarylizanicole/.vscode/extensions/ms-python.python-2021.12.1559732655/out/client/extension.js:24:127536
	at async A.provideCodeActions (/usr/share/code/resources/app/out/vs/workbench/services/extensions/node/extensionHostProcess.js:94:172824)
[2022-02-08 22:36:46.428] [exthost] [error] [ms-python.python] provider FAILED
[2022-02-08 22:36:46.428] [exthost] [error] Canceled: Canceled
	at S.makeCancelError (/home/salazarylizanicole/.vscode/extensions/ms-python.python-2021.12.1559732655/out/client/extension.js:24:159824)
	at S.handleFailedRequest (/home/salazarylizanicole/.vscode/extensions/ms-python.python-2021.12.1559732655/out/client/extension.js:24:159675)
	at /home/salazarylizanicole/.vscode/extensions/ms-python.python-2021.12.1559732655/out/client/extension.js:24:127536
	at async A.provideCodeActions (/usr/share/code/resources/app/out/vs/workbench/services/extensions/node/extensionHostProcess.js:94:172824)
[2022-02-08 22:36:48.881] [exthost] [error] [ms-python.python] provider FAILED
[2022-02-08 22:36:48.881] [exthost] [error] TypeError: Cannot read property 'length' of undefined
	at /home/salazarylizanicole/.vscode/extensions/ms-python.python-2021.12.1559732655/out/client/extension.js:67:257359
	at p (/home/salazarylizanicole/.vscode/extensions/ms-python.python-2021.12.1559732655/out/client/extension.js:67:262355)
	at async x.provideCompletionItems (/usr/share/code/resources/app/out/vs/workbench/services/extensions/node/extensionHostProcess.js:94:181124)
[2022-02-08 22:36:48.895] [exthost] [error] [ms-python.python] provider FAILED
[2022-02-08 22:36:48.895] [exthost] [error] Canceled: Canceled
	at S.makeCancelError (/home/salazarylizanicole/.vscode/extensions/ms-python.python-2021.12.1559732655/out/client/extension.js:24:159824)
	at S.handleFailedRequest (/home/salazarylizanicole/.vscode/extensions/ms-python.python-2021.12.1559732655/out/client/extension.js:24:159675)
	at /home/salazarylizanicole/.vscode/extensions/ms-python.python-2021.12.1559732655/out/client/extension.js:67:230734
	at async de.provideFoldingRanges (/usr/share/code/resources/app/out/vs/workbench/services/extensions/node/extensionHostProcess.js:94:187366)
[2022-02-08 22:36:49.313] [exthost] [error] [ms-python.python] provider FAILED
[2022-02-08 22:36:49.313] [exthost] [error] Canceled: Canceled
	at S.makeCancelError (/home/salazarylizanicole/.vscode/extensions/ms-python.python-2021.12.1559732655/out/client/extension.js:24:159824)
	at S.handleFailedRequest (/home/salazarylizanicole/.vscode/extensions/ms-python.python-2021.12.1559732655/out/client/extension.js:24:159675)
	at /home/salazarylizanicole/.vscode/extensions/ms-python.python-2021.12.1559732655/out/client/extension.js:67:230734
	at async de.provideFoldingRanges (/usr/share/code/resources/app/out/vs/workbench/services/extensions/node/extensionHostProcess.js:94:187366)
[2022-02-08 22:36:50.548] [exthost] [error] [ms-python.python] provider FAILED
[2022-02-08 22:36:50.556] [exthost] [error] Canceled: Canceled
	at S.makeCancelError (/home/salazarylizanicole/.vscode/extensions/ms-python.python-2021.12.1559732655/out/client/extension.js:24:159824)
	at S.handleFailedRequest (/home/salazarylizanicole/.vscode/extensions/ms-python.python-2021.12.1559732655/out/client/extension.js:24:159675)
	at /home/salazarylizanicole/.vscode/extensions/ms-python.python-2021.12.1559732655/out/client/extension.js:24:127536
	at async A.provideCodeActions (/usr/share/code/resources/app/out/vs/workbench/services/extensions/node/extensionHostProcess.js:94:172824)
[2022-02-08 22:36:50.569] [exthost] [error] [ms-python.python] provider FAILED
[2022-02-08 22:36:50.574] [exthost] [error] Canceled: Canceled
	at S.makeCancelError (/home/salazarylizanicole/.vscode/extensions/ms-python.python-2021.12.1559732655/out/client/extension.js:24:159824)
	at S.handleFailedRequest (/home/salazarylizanicole/.vscode/extensions/ms-python.python-2021.12.1559732655/out/client/extension.js:24:159675)
	at /home/salazarylizanicole/.vscode/extensions/ms-python.python-2021.12.1559732655/out/client/extension.js:24:127536
	at runNextTicks (internal/process/task_queues.js:58:5)
	at processImmediate (internal/timers.js:434:9)
	at async A.provideCodeActions (/usr/share/code/resources/app/out/vs/workbench/services/extensions/node/extensionHostProcess.js:94:172824)
[2022-02-08 22:36:51.818] [exthost] [error] [ms-python.python] provider FAILED
[2022-02-08 22:36:51.819] [exthost] [error] Canceled: Canceled
	at S.makeCancelError (/home/salazarylizanicole/.vscode/extensions/ms-python.python-2021.12.1559732655/out/client/extension.js:24:159824)
	at S.handleFailedRequest (/home/salazarylizanicole/.vscode/extensions/ms-python.python-2021.12.1559732655/out/client/extension.js:24:159675)
	at /home/salazarylizanicole/.vscode/extensions/ms-python.python-2021.12.1559732655/out/client/extension.js:24:127536
	at async A.provideCodeActions (/usr/share/code/resources/app/out/vs/workbench/services/extensions/node/extensionHostProcess.js:94:172824)
[2022-02-08 22:36:51.919] [exthost] [error] [ms-python.python] provider FAILED
[2022-02-08 22:36:51.919] [exthost] [error] Canceled: Canceled
	at S.makeCancelError (/home/salazarylizanicole/.vscode/extensions/ms-python.python-2021.12.1559732655/out/client/extension.js:24:159824)
	at S.handleFailedRequest (/home/salazarylizanicole/.vscode/extensions/ms-python.python-2021.12.1559732655/out/client/extension.js:24:159675)
	at /home/salazarylizanicole/.vscode/extensions/ms-python.python-2021.12.1559732655/out/client/extension.js:24:120017
	at async d.provideHover (/usr/share/code/resources/app/out/vs/workbench/services/extensions/node/extensionHostProcess.js:94:170516)
[2022-02-08 22:40:27.884] [exthost] [error] [ms-python.python] provider FAILED
[2022-02-08 22:40:27.887] [exthost] [error] Canceled: Canceled
	at S.makeCancelError (/home/salazarylizanicole/.vscode/extensions/ms-python.python-2021.12.1559732655/out/client/extension.js:24:159824)
	at S.handleFailedRequest (/home/salazarylizanicole/.vscode/extensions/ms-python.python-2021.12.1559732655/out/client/extension.js:24:159675)
	at /home/salazarylizanicole/.vscode/extensions/ms-python.python-2021.12.1559732655/out/client/extension.js:24:127536
	at runMicrotasks (<anonymous>)
	at runNextTicks (internal/process/task_queues.js:58:5)
	at processImmediate (internal/timers.js:434:9)
	at async A.provideCodeActions (/usr/share/code/resources/app/out/vs/workbench/services/extensions/node/extensionHostProcess.js:94:172824)
[2022-02-08 22:40:27.888] [exthost] [error] [ms-python.python] provider FAILED
[2022-02-08 22:40:27.888] [exthost] [error] Canceled: Canceled
	at S.makeCancelError (/home/salazarylizanicole/.vscode/extensions/ms-python.python-2021.12.1559732655/out/client/extension.js:24:159824)
	at S.handleFailedRequest (/home/salazarylizanicole/.vscode/extensions/ms-python.python-2021.12.1559732655/out/client/extension.js:24:159675)
	at /home/salazarylizanicole/.vscode/extensions/ms-python.python-2021.12.1559732655/out/client/extension.js:24:127536
	at async A.provideCodeActions (/usr/share/code/resources/app/out/vs/workbench/services/extensions/node/extensionHostProcess.js:94:172824)
[2022-02-08 22:41:26.123] [exthost] [info] extension host terminating: renderer closed the socket
[2022-02-08 22:41:27.233] [exthost] [info] Extension host with pid 544 exiting with code 0
