[2022-01-06 21:49:20.061] [sharedprocess] [info] Deleted from disk ms-toolsai.jupyter-keymap /home/salazarylizanicole/.vscode/extensions/ms-toolsai.jupyter-keymap-1.0.0
[2022-01-06 21:49:20.262] [sharedprocess] [info] Deleted from disk ms-toolsai.jupyter-renderers /home/salazarylizanicole/.vscode/extensions/ms-toolsai.jupyter-renderers-1.0.4
[2022-01-06 21:49:20.891] [sharedprocess] [info] Deleted from disk ms-toolsai.jupyter /home/salazarylizanicole/.vscode/extensions/ms-toolsai.jupyter-2021.10.1101450599
[2022-01-06 21:49:21.193] [sharedprocess] [info] Deleted from disk ms-python.python /home/salazarylizanicole/.vscode/extensions/ms-python.python-2021.12.1559732655
[2022-01-06 21:50:35.628] [sharedprocess] [info] Installing extension: ms-python.python
[2022-01-06 21:50:41.569] [sharedprocess] [info] Installing extension: ms-toolsai.jupyter
[2022-01-06 21:50:41.571] [sharedprocess] [info] Installing extension: ms-toolsai.jupyter-keymap
[2022-01-06 21:50:41.572] [sharedprocess] [info] Installing extension: ms-toolsai.jupyter-renderers
[2022-01-06 21:50:41.573] [sharedprocess] [info] Installing extension: ms-python.vscode-pylance
[2022-01-06 21:50:41.987] [sharedprocess] [info] Downloaded extension: ms-python.python /home/salazarylizanicole/.config/Code/CachedExtensionVSIXs/ms-python.python-2021.12.1559732655
[2022-01-06 21:50:41.988] [sharedprocess] [info] Downloaded extension: ms-toolsai.jupyter /home/salazarylizanicole/.config/Code/CachedExtensionVSIXs/ms-toolsai.jupyter-2021.10.1101450599
[2022-01-06 21:50:41.989] [sharedprocess] [info] Downloaded extension: ms-toolsai.jupyter-keymap /home/salazarylizanicole/.config/Code/CachedExtensionVSIXs/ms-toolsai.jupyter-keymap-1.0.0
[2022-01-06 21:50:41.996] [sharedprocess] [info] Downloaded extension: ms-toolsai.jupyter-renderers /home/salazarylizanicole/.config/Code/CachedExtensionVSIXs/ms-toolsai.jupyter-renderers-1.0.4
[2022-01-06 21:50:42.098] [sharedprocess] [info] Extracted extension to /home/salazarylizanicole/.vscode/extensions/.73f16f40-90a9-4f90-a67f-66c9ab09db9a: ms-toolsai.jupyter-keymap
[2022-01-06 21:50:42.128] [sharedprocess] [info] Renamed to /home/salazarylizanicole/.vscode/extensions/ms-toolsai.jupyter-keymap-1.0.0
[2022-01-06 21:50:42.133] [sharedprocess] [info] Extracting completed. ms-toolsai.jupyter-keymap
[2022-01-06 21:50:45.005] [sharedprocess] [info] Extracted extension to /home/salazarylizanicole/.vscode/extensions/.ea83bf8f-e879-4d8a-be0d-d12004ca2bda: ms-toolsai.jupyter-renderers
[2022-01-06 21:50:45.034] [sharedprocess] [info] Renamed to /home/salazarylizanicole/.vscode/extensions/ms-toolsai.jupyter-renderers-1.0.4
[2022-01-06 21:50:45.041] [sharedprocess] [info] Extracting completed. ms-toolsai.jupyter-renderers
[2022-01-06 21:50:49.474] [sharedprocess] [info] Extracted extension to /home/salazarylizanicole/.vscode/extensions/.efc38119-cf90-4918-94b2-6b08b8c58208: ms-toolsai.jupyter
[2022-01-06 21:50:49.521] [sharedprocess] [info] Renamed to /home/salazarylizanicole/.vscode/extensions/ms-toolsai.jupyter-2021.10.1101450599
[2022-01-06 21:50:49.537] [sharedprocess] [info] Extracting completed. ms-toolsai.jupyter
[2022-01-06 21:50:57.758] [sharedprocess] [info] Extracted extension to /home/salazarylizanicole/.vscode/extensions/.6a31f667-492d-42be-8bd1-4da77bd4ebcf: ms-python.python
[2022-01-06 21:50:57.802] [sharedprocess] [info] Renamed to /home/salazarylizanicole/.vscode/extensions/ms-python.python-2021.12.1559732655
[2022-01-06 21:50:57.808] [sharedprocess] [info] Extracting completed. ms-python.python
[2022-01-06 21:51:20.508] [sharedprocess] [info] Downloaded extension: ms-python.vscode-pylance /home/salazarylizanicole/.config/Code/CachedExtensionVSIXs/ms-python.vscode-pylance-2022.1.0
[2022-01-06 21:51:34.151] [sharedprocess] [info] Extracted extension to /home/salazarylizanicole/.vscode/extensions/.0790be47-41c4-4163-98c2-d225f6a81e7b: ms-python.vscode-pylance
[2022-01-06 21:51:34.176] [sharedprocess] [info] Renamed to /home/salazarylizanicole/.vscode/extensions/ms-python.vscode-pylance-2022.1.0
[2022-01-06 21:51:34.180] [sharedprocess] [info] Extracting completed. ms-python.vscode-pylance
[2022-01-06 21:51:34.193] [sharedprocess] [info] Extension installed successfully: ms-toolsai.jupyter-keymap
[2022-01-06 21:51:34.194] [sharedprocess] [info] Extension installed successfully: ms-toolsai.jupyter-renderers
[2022-01-06 21:51:34.194] [sharedprocess] [info] Extension installed successfully: ms-toolsai.jupyter
[2022-01-06 21:51:34.195] [sharedprocess] [info] Extension installed successfully: ms-python.python
[2022-01-06 21:51:34.195] [sharedprocess] [info] Extension installed successfully: ms-python.vscode-pylance
