[Info  - 9:27:46 PM] Pylance language server 2022.1.0 (pyright 5829dcbb) starting
[Info  - 9:27:46 PM] Server root directory: /home/salazarylizanicole/.vscode/extensions/ms-python.vscode-pylance-2022.1.0/dist
[Info  - 9:27:46 PM] No configuration file found.
[Info  - 9:27:46 PM] No pyproject.toml file found.
[Info  - 9:27:46 PM] Setting pythonPath for service "salazarylizanicole": "/usr/bin/python3"
[Warn  - 9:27:46 PM] stubPath /home/salazarylizanicole/typings is not a valid directory.
[Info  - 9:27:47 PM] Assuming Python version 3.7
[Info  - 9:27:47 PM] Assuming Python platform Linux
[Warn  - 9:27:49 PM] Exception received when installing file system watcher: TypeError [ERR_FEATURE_UNAVAILABLE_ON_PLATFORM]: The feature watch recursively is unavailable on the current platform, which is being used to run Node.js
[Warn  - 9:27:49 PM] Exception received when installing file system watcher: TypeError [ERR_FEATURE_UNAVAILABLE_ON_PLATFORM]: The feature watch recursively is unavailable on the current platform, which is being used to run Node.js
[Warn  - 9:27:49 PM] Exception received when installing file system watcher: TypeError [ERR_FEATURE_UNAVAILABLE_ON_PLATFORM]: The feature watch recursively is unavailable on the current platform, which is being used to run Node.js
[Warn  - 9:27:49 PM] Exception received when installing file system watcher: TypeError [ERR_FEATURE_UNAVAILABLE_ON_PLATFORM]: The feature watch recursively is unavailable on the current platform, which is being used to run Node.js
[Info  - 9:27:49 PM] Searching for source files
[Info  - 9:27:55 PM] Found 5638 source files
[Info  - 9:27:56 PM] Background analysis(1) root directory: /home/salazarylizanicole/.vscode/extensions/ms-python.vscode-pylance-2022.1.0/dist
[Info  - 9:27:56 PM] Background analysis(1) started
[Info  - 9:27:56 PM] Searching for source files
[Info  - 9:28:03 PM] Found 5804 source files
[Info  - 9:28:05 PM] [BG(1)] Long operation: getSemanticTokens range 48:0 - 90:62 at /home/salazarylizanicole/test.py (7273ms)
[Info  - 9:28:08 PM] [BG(1)] Long operation: getSemanticTokens range 38:0 - 90:62 at /home/salazarylizanicole/test.py (3687ms)
[Info  - 9:28:09 PM] Searching for source files
[Info  - 9:28:13 PM] Found 6536 source files
[Info  - 9:28:31 PM] Searching for source files
[Info  - 9:28:34 PM] Found 9466 source files
[Info  - 9:29:07 PM] Searching for source files
[Info  - 9:29:07 PM] Found 9466 source files
[Info  - 9:29:07 PM] Searching for source files
[Info  - 9:29:07 PM] Found 9466 source files
[Info  - 9:29:07 PM] Searching for source files
[Info  - 9:29:07 PM] Found 9300 source files
[Info  - 9:29:07 PM] Searching for source files
[Info  - 9:29:07 PM] Found 9300 source files
[Info  - 9:29:25 PM] Searching for source files
[Info  - 9:29:26 PM] Found 9466 source files
[Info  - 9:29:26 PM] Searching for source files
[Info  - 9:29:28 PM] Found 9466 source files
[Info  - 9:29:29 PM] Searching for source files
[Info  - 9:29:30 PM] Found 9466 source files
[Info  - 9:30:26 PM] Searching for source files
[Info  - 9:30:27 PM] Found 9466 source files
[Info  - 9:33:56 PM] Searching for source files
[Info  - 9:33:58 PM] Found 9466 source files
[Info  - 9:34:00 PM] Searching for source files
[Info  - 9:34:01 PM] Found 9466 source files
[Info  - 9:34:04 PM] Searching for source files
[Info  - 9:34:05 PM] Found 9466 source files
[Info  - 9:34:06 PM] Searching for source files
[Info  - 9:34:07 PM] Found 9466 source files
[Info  - 9:34:09 PM] Searching for source files
[Info  - 9:34:10 PM] Found 9466 source files
[Info  - 9:34:15 PM] Searching for source files
