[2022-02-04 21:27:30.276] [exthost] [info] Extension host with pid 641 started
[2022-02-04 21:27:30.276] [exthost] [info] Skipping acquiring lock for /home/salazarylizanicole/.config/Code/User/workspaceStorage/16524a5060bf3a7ff787ec04f1bd917e.
[2022-02-04 21:27:32.116] [exthost] [info] ExtensionService#_doActivateExtension vscode.microsoft-authentication, startup: false, activationEvent: 'onAuthenticationRequest:microsoft'
[2022-02-04 21:27:32.179] [exthost] [info] ExtensionService#_doActivateExtension ms-python.python, startup: false, activationEvent: 'onLanguage:python', root cause: ms-python.vscode-pylance
[2022-02-04 21:27:32.874] [exthost] [info] ExtensionService#_doActivateExtension ms-toolsai.jupyter, startup: false, activationEvent: 'onLanguage:python'
[2022-02-04 21:27:34.328] [exthost] [info] ExtensionService#_doActivateExtension vscode.debug-auto-launch, startup: true, activationEvent: '*'
[2022-02-04 21:27:34.344] [exthost] [info] ExtensionService#_doActivateExtension vscode.git, startup: true, activationEvent: '*', root cause: vscode.github
[2022-02-04 21:27:35.698] [exthost] [info] ExtensionService#_doActivateExtension vscode.github, startup: true, activationEvent: '*'
[2022-02-04 21:27:37.404] [exthost] [info] Eager extensions activated
[2022-02-04 21:27:37.931] [exthost] [info] ExtensionService#_doActivateExtension ms-toolsai.jupyter-renderers, startup: false, activationEvent: 'api', root cause: ms-toolsai.jupyter
[2022-02-04 21:27:37.946] [exthost] [info] ExtensionService#_doActivateExtension vscode.merge-conflict, startup: false, activationEvent: 'onStartupFinished'
[2022-02-04 21:27:39.205] [exthost] [info] ExtensionService#_doActivateExtension vscode.github-authentication, startup: false, activationEvent: 'onAuthenticationRequest:github'
[2022-02-04 21:27:39.341] [exthost] [info] ExtensionService#_doActivateExtension ms-python.vscode-pylance, startup: false, activationEvent: 'onLanguage:python'
[2022-02-04 21:29:07.887] [exthost] [error] [ms-python.python] provider FAILED
[2022-02-04 21:29:07.889] [exthost] [error] Canceled: Canceled
	at S.makeCancelError (/home/salazarylizanicole/.vscode/extensions/ms-python.python-2021.12.1559732655/out/client/extension.js:24:159824)
	at S.handleFailedRequest (/home/salazarylizanicole/.vscode/extensions/ms-python.python-2021.12.1559732655/out/client/extension.js:24:159675)
	at /home/salazarylizanicole/.vscode/extensions/ms-python.python-2021.12.1559732655/out/client/extension.js:24:120017
	at runMicrotasks (<anonymous>)
	at runNextTicks (internal/process/task_queues.js:58:5)
	at processImmediate (internal/timers.js:434:9)
	at async d.provideHover (/usr/share/code/resources/app/out/vs/workbench/services/extensions/node/extensionHostProcess.js:94:170516)
[2022-02-04 21:29:07.897] [exthost] [error] [ms-python.python] provider FAILED
[2022-02-04 21:29:07.899] [exthost] [error] Canceled: Canceled
	at S.makeCancelError (/home/salazarylizanicole/.vscode/extensions/ms-python.python-2021.12.1559732655/out/client/extension.js:24:159824)
	at S.handleFailedRequest (/home/salazarylizanicole/.vscode/extensions/ms-python.python-2021.12.1559732655/out/client/extension.js:24:159675)
	at /home/salazarylizanicole/.vscode/extensions/ms-python.python-2021.12.1559732655/out/client/extension.js:24:120017
	at async d.provideHover (/usr/share/code/resources/app/out/vs/workbench/services/extensions/node/extensionHostProcess.js:94:170516)
[2022-02-04 21:29:08.799] [exthost] [warning] ms-python.python - Code actions of kind 'quickfix 'requested but returned code action is of kind 'refactor.extract'. Code action will be dropped. Please check 'CodeActionContext.only' to only return requested code actions.
[2022-02-04 21:29:08.800] [exthost] [warning] ms-python.python - Code actions of kind 'quickfix 'requested but returned code action is of kind 'refactor.extract'. Code action will be dropped. Please check 'CodeActionContext.only' to only return requested code actions.
[2022-02-04 21:34:16.097] [exthost] [info] extension host terminating: renderer closed the socket
[2022-02-04 21:34:17.331] [exthost] [info] Extension host with pid 641 exiting with code 0
